<?xml version="1.0" encoding="UTF-8"?>
<!-- Generated by org.testng.reporters.JUnitReportReporter -->
<testsuite skipped="0" hostname="desk" name="scripts.TestForgetMail" tests="1" failures="0" timestamp="16 Nov 2020 17:28:45 GMT" time="12.811" errors="0">
  <testcase name="testLoginPage" time="12.811" classname="scripts.TestForgetMail"/>
</testsuite> <!-- scripts.TestForgetMail -->
